{"total": {"lines":{"total":93,"covered":83,"skipped":0,"pct":89.25},"statements":{"total":96,"covered":85,"skipped":0,"pct":88.54},"functions":{"total":26,"covered":22,"skipped":0,"pct":84.62},"branches":{"total":24,"covered":16,"skipped":0,"pct":66.67}}
,"/home/aviad/code/snyk-task/src/index.js": {"lines":{"total":6,"covered":6,"skipped":0,"pct":100},"functions":{"total":1,"covered":1,"skipped":0,"pct":100},"statements":{"total":6,"covered":6,"skipped":0,"pct":100},"branches":{"total":0,"covered":0,"skipped":0,"pct":100}}
,"/home/aviad/code/snyk-task/src/api/index.js": {"lines":{"total":11,"covered":11,"skipped":0,"pct":100},"functions":{"total":1,"covered":1,"skipped":0,"pct":100},"statements":{"total":12,"covered":12,"skipped":0,"pct":100},"branches":{"total":8,"covered":7,"skipped":0,"pct":87.5}}
,"/home/aviad/code/snyk-task/src/cache/index.js": {"lines":{"total":13,"covered":13,"skipped":0,"pct":100},"functions":{"total":3,"covered":3,"skipped":0,"pct":100},"statements":{"total":13,"covered":13,"skipped":0,"pct":100},"branches":{"total":2,"covered":2,"skipped":0,"pct":100}}
,"/home/aviad/code/snyk-task/src/controllers/package-fetcher.ctrl.js": {"lines":{"total":11,"covered":9,"skipped":0,"pct":81.82},"functions":{"total":1,"covered":1,"skipped":0,"pct":100},"statements":{"total":11,"covered":9,"skipped":0,"pct":81.82},"branches":{"total":0,"covered":0,"skipped":0,"pct":100}}
,"/home/aviad/code/snyk-task/src/logic/deps-tree-fetcher/index.js": {"lines":{"total":19,"covered":13,"skipped":0,"pct":68.42},"functions":{"total":2,"covered":1,"skipped":0,"pct":50},"statements":{"total":19,"covered":13,"skipped":0,"pct":68.42},"branches":{"total":10,"covered":3,"skipped":0,"pct":30}}
,"/home/aviad/code/snyk-task/src/logic/semver/index.js": {"lines":{"total":8,"covered":8,"skipped":0,"pct":100},"functions":{"total":2,"covered":2,"skipped":0,"pct":100},"statements":{"total":8,"covered":8,"skipped":0,"pct":100},"branches":{"total":1,"covered":1,"skipped":0,"pct":100}}
,"/home/aviad/code/snyk-task/src/logic/tree-printer/index.js": {"lines":{"total":4,"covered":4,"skipped":0,"pct":100},"functions":{"total":3,"covered":3,"skipped":0,"pct":100},"statements":{"total":4,"covered":4,"skipped":0,"pct":100},"branches":{"total":0,"covered":0,"skipped":0,"pct":100}}
,"/home/aviad/code/snyk-task/src/router/index.js": {"lines":{"total":5,"covered":5,"skipped":0,"pct":100},"functions":{"total":1,"covered":1,"skipped":0,"pct":100},"statements":{"total":5,"covered":5,"skipped":0,"pct":100},"branches":{"total":0,"covered":0,"skipped":0,"pct":100}}
,"/home/aviad/code/snyk-task/src/structs/Node.js": {"lines":{"total":16,"covered":14,"skipped":0,"pct":87.5},"functions":{"total":12,"covered":9,"skipped":0,"pct":75},"statements":{"total":18,"covered":15,"skipped":0,"pct":83.33},"branches":{"total":3,"covered":3,"skipped":0,"pct":100}}
}
