{"total": {"lines":{"total":137,"covered":35,"skipped":0,"pct":25.55},"statements":{"total":140,"covered":35,"skipped":0,"pct":25},"functions":{"total":39,"covered":3,"skipped":0,"pct":7.69},"branches":{"total":35,"covered":1,"skipped":0,"pct":2.86}}
,"/home/aviad/code/snyk-task/src/index.js": {"lines":{"total":6,"covered":6,"skipped":0,"pct":100},"functions":{"total":1,"covered":1,"skipped":0,"pct":100},"statements":{"total":6,"covered":6,"skipped":0,"pct":100},"branches":{"total":0,"covered":0,"skipped":0,"pct":100}}
,"/home/aviad/code/snyk-task/src/api/index.js": {"lines":{"total":12,"covered":3,"skipped":0,"pct":25},"functions":{"total":1,"covered":0,"skipped":0,"pct":0},"statements":{"total":12,"covered":3,"skipped":0,"pct":25},"branches":{"total":5,"covered":0,"skipped":0,"pct":0}}
,"/home/aviad/code/snyk-task/src/cache/index.js": {"lines":{"total":13,"covered":2,"skipped":0,"pct":15.38},"functions":{"total":3,"covered":1,"skipped":0,"pct":33.33},"statements":{"total":13,"covered":2,"skipped":0,"pct":15.38},"branches":{"total":2,"covered":0,"skipped":0,"pct":0}}
,"/home/aviad/code/snyk-task/src/config/index.js": {"lines":{"total":7,"covered":5,"skipped":0,"pct":71.43},"functions":{"total":1,"covered":0,"skipped":0,"pct":0},"statements":{"total":8,"covered":5,"skipped":0,"pct":62.5},"branches":{"total":2,"covered":1,"skipped":0,"pct":50}}
,"/home/aviad/code/snyk-task/src/controllers/package-fetcher.ctrl.js": {"lines":{"total":10,"covered":0,"skipped":0,"pct":0},"functions":{"total":1,"covered":0,"skipped":0,"pct":0},"statements":{"total":10,"covered":0,"skipped":0,"pct":0},"branches":{"total":0,"covered":0,"skipped":0,"pct":100}}
,"/home/aviad/code/snyk-task/src/logic/deps-tree-fetcher/index.js": {"lines":{"total":18,"covered":1,"skipped":0,"pct":5.56},"functions":{"total":2,"covered":0,"skipped":0,"pct":0},"statements":{"total":18,"covered":1,"skipped":0,"pct":5.56},"branches":{"total":10,"covered":0,"skipped":0,"pct":0}}
,"/home/aviad/code/snyk-task/src/logic/semver/index.js": {"lines":{"total":9,"covered":2,"skipped":0,"pct":22.22},"functions":{"total":2,"covered":0,"skipped":0,"pct":0},"statements":{"total":9,"covered":2,"skipped":0,"pct":22.22},"branches":{"total":1,"covered":0,"skipped":0,"pct":0}}
,"/home/aviad/code/snyk-task/src/logic/tree-printer/index.js": {"lines":{"total":4,"covered":1,"skipped":0,"pct":25},"functions":{"total":3,"covered":0,"skipped":0,"pct":0},"statements":{"total":4,"covered":1,"skipped":0,"pct":25},"branches":{"total":0,"covered":0,"skipped":0,"pct":100}}
,"/home/aviad/code/snyk-task/src/router/index.js": {"lines":{"total":7,"covered":6,"skipped":0,"pct":85.71},"functions":{"total":2,"covered":1,"skipped":0,"pct":50},"statements":{"total":7,"covered":6,"skipped":0,"pct":85.71},"branches":{"total":0,"covered":0,"skipped":0,"pct":100}}
,"/home/aviad/code/snyk-task/src/structs/Node.js": {"lines":{"total":16,"covered":2,"skipped":0,"pct":12.5},"functions":{"total":12,"covered":0,"skipped":0,"pct":0},"statements":{"total":18,"covered":2,"skipped":0,"pct":11.11},"branches":{"total":4,"covered":0,"skipped":0,"pct":0}}
,"/home/aviad/code/snyk-task/src/ui/generate-view.js": {"lines":{"total":4,"covered":0,"skipped":0,"pct":0},"functions":{"total":1,"covered":0,"skipped":0,"pct":0},"statements":{"total":4,"covered":0,"skipped":0,"pct":0},"branches":{"total":0,"covered":0,"skipped":0,"pct":100}}
,"/home/aviad/code/snyk-task/src/ui/components/App.jsx": {"lines":{"total":10,"covered":1,"skipped":0,"pct":10},"functions":{"total":3,"covered":0,"skipped":0,"pct":0},"statements":{"total":10,"covered":1,"skipped":0,"pct":10},"branches":{"total":3,"covered":0,"skipped":0,"pct":0}}
,"/home/aviad/code/snyk-task/src/ui/components/Tree.jsx": {"lines":{"total":15,"covered":1,"skipped":0,"pct":6.67},"functions":{"total":6,"covered":0,"skipped":0,"pct":0},"statements":{"total":15,"covered":1,"skipped":0,"pct":6.67},"branches":{"total":6,"covered":0,"skipped":0,"pct":0}}
,"/home/aviad/code/snyk-task/src/ui/components/styled-components/index.js": {"lines":{"total":6,"covered":5,"skipped":0,"pct":83.33},"functions":{"total":1,"covered":0,"skipped":0,"pct":0},"statements":{"total":6,"covered":5,"skipped":0,"pct":83.33},"branches":{"total":2,"covered":0,"skipped":0,"pct":0}}
}
