TN:
SF:/home/aviad/code/snyk-task/src/index.js
FN:14,(anonymous_0)
FNF:1
FNH:1
FNDA:2,(anonymous_0)
DA:7,2
DA:9,2
DA:10,2
DA:11,2
DA:12,2
DA:15,2
LF:6
LH:6
BRF:0
BRH:0
end_of_record
TN:
SF:/home/aviad/code/snyk-task/src/api/index.js
FN:5,(anonymous_0)
FNF:1
FNH:1
FNDA:16,(anonymous_0)
DA:4,3
DA:5,3
DA:6,16
DA:8,15
DA:9,15
DA:10,15
DA:11,15
DA:12,15
DA:13,13
DA:14,13
DA:16,2
DA:19,15
DA:21,3
LF:13
LH:13
BRDA:5,0,0,1
BRDA:5,1,0,2
BRDA:6,2,0,1
BRDA:6,2,1,15
BRDA:11,3,0,15
BRDA:11,3,1,0
BRDA:12,4,0,13
BRDA:12,4,1,2
BRF:8
BRH:7
end_of_record
TN:
SF:/home/aviad/code/snyk-task/src/cache/index.js
FN:4,(anonymous_0)
FN:9,(anonymous_1)
FN:20,(anonymous_2)
FNF:3
FNH:3
FNDA:3,(anonymous_0)
FNDA:14,(anonymous_1)
FNDA:13,(anonymous_2)
DA:5,3
DA:6,3
DA:10,14
DA:11,14
DA:12,14
DA:13,14
DA:14,14
DA:16,14
DA:21,13
DA:22,13
DA:23,13
DA:24,13
DA:26,13
LF:13
LH:13
BRDA:13,0,0,1
BRDA:13,0,1,13
BRF:2
BRH:2
end_of_record
TN:
SF:/home/aviad/code/snyk-task/src/controllers/package-fetcher.ctrl.js
FN:6,packageFetcher
FNF:1
FNH:1
FNDA:1,packageFetcher
DA:7,1
DA:8,1
DA:9,1
DA:10,1
DA:11,1
DA:13,1
DA:19,1
DA:20,1
DA:21,1
DA:23,0
DA:24,0
LF:11
LH:9
BRF:0
BRH:0
end_of_record
TN:
SF:/home/aviad/code/snyk-task/src/logic/deps-tree-fetcher/index.js
FN:7,(anonymous_0)
FN:26,(anonymous_1)
FNF:2
FNH:2
FNDA:13,(anonymous_0)
FNDA:12,(anonymous_1)
DA:7,2
DA:8,13
DA:9,13
DA:10,13
DA:11,13
DA:12,13
DA:13,0
DA:15,13
DA:16,13
DA:21,13
DA:23,11
DA:24,5
DA:26,12
DA:29,11
DA:31,11
DA:34,2
DA:35,0
DA:38,2
LF:18
LH:16
BRDA:7,0,0,0
BRDA:12,1,0,0
BRDA:12,1,1,13
BRDA:19,2,0,2
BRDA:23,3,0,5
BRDA:23,3,1,6
BRDA:34,4,0,0
BRDA:34,4,1,2
BRDA:34,5,0,2
BRDA:34,5,1,2
BRF:10
BRH:7
end_of_record
TN:
SF:/home/aviad/code/snyk-task/src/logic/semver/index.js
FN:3,(anonymous_0)
FN:13,(anonymous_1)
FNF:2
FNH:2
FNDA:31,(anonymous_0)
FNDA:15,(anonymous_1)
DA:3,4
DA:4,31
DA:5,31
DA:6,28
DA:8,3
DA:9,3
DA:13,4
DA:14,15
DA:15,15
LF:9
LH:9
BRDA:3,0,0,1
BRF:1
BRH:1
end_of_record
TN:
SF:/home/aviad/code/snyk-task/src/logic/tree-printer/index.js
FN:3,(anonymous_0)
FN:6,(anonymous_1)
FN:7,(anonymous_2)
FNF:3
FNH:3
FNDA:1,(anonymous_0)
FNDA:13,(anonymous_1)
FNDA:13,(anonymous_2)
DA:3,2
DA:4,1
DA:6,13
DA:7,13
LF:4
LH:4
BRF:0
BRH:0
end_of_record
TN:
SF:/home/aviad/code/snyk-task/src/router/index.js
FN:6,(anonymous_0)
FN:13,(anonymous_1)
FNF:2
FNH:2
FNDA:1,(anonymous_0)
FNDA:1,(anonymous_1)
DA:4,2
DA:6,2
DA:7,1
DA:10,2
DA:13,2
DA:14,1
DA:16,2
LF:7
LH:7
BRF:0
BRH:0
end_of_record
TN:
SF:/home/aviad/code/snyk-task/src/structs/Node.js
FN:4,(anonymous_0)
FN:5,(anonymous_1)
FN:6,(anonymous_2)
FN:7,(anonymous_3)
FN:8,(anonymous_4)
FN:10,(anonymous_5)
FN:13,(anonymous_6)
FN:16,(anonymous_7)
FN:23,(anonymous_8)
FN:24,(anonymous_9)
FN:27,(anonymous_10)
FN:31,(anonymous_11)
FNF:12
FNH:10
FNDA:0,(anonymous_0)
FNDA:0,(anonymous_1)
FNDA:1,(anonymous_2)
FNDA:104,(anonymous_3)
FNDA:26,(anonymous_4)
FNDA:65,(anonymous_5)
FNDA:131,(anonymous_6)
FNDA:15,(anonymous_7)
FNDA:56,(anonymous_8)
FNDA:42,(anonymous_9)
FNDA:1,(anonymous_10)
FNDA:14,(anonymous_11)
DA:3,3
DA:4,0
DA:5,0
DA:6,1
DA:7,104
DA:8,26
DA:10,65
DA:13,131
DA:17,15
DA:18,15
DA:19,15
DA:20,15
DA:24,56
DA:28,1
DA:32,14
DA:33,14
LF:16
LH:14
BRDA:8,0,0,0
BRDA:8,0,1,26
BRDA:16,1,0,14
BRDA:16,2,0,1
BRF:4
BRH:3
end_of_record
