TN:
SF:/home/aviad/code/snyk-task/src/index.js
FN:14,(anonymous_0)
FNF:1
FNH:1
FNDA:2,(anonymous_0)
DA:7,2
DA:9,2
DA:10,2
DA:11,2
DA:12,2
DA:15,2
LF:6
LH:6
BRF:0
BRH:0
end_of_record
TN:
SF:/home/aviad/code/snyk-task/src/api/index.js
FN:5,(anonymous_0)
FNF:1
FNH:1
FNDA:16,(anonymous_0)
DA:4,3
DA:5,3
DA:6,16
DA:8,15
DA:9,15
DA:10,15
DA:11,15
DA:12,15
DA:13,13
DA:14,13
DA:16,2
DA:19,15
DA:21,3
LF:13
LH:13
BRDA:5,0,0,1
BRDA:5,1,0,2
BRDA:6,2,0,1
BRDA:6,2,1,15
BRDA:11,3,0,15
BRDA:11,3,1,0
BRDA:12,4,0,13
BRDA:12,4,1,2
BRF:8
BRH:7
end_of_record
TN:
SF:/home/aviad/code/snyk-task/src/cache/index.js
FN:4,(anonymous_0)
FN:9,(anonymous_1)
FN:20,(anonymous_2)
FNF:3
FNH:3
FNDA:3,(anonymous_0)
FNDA:14,(anonymous_1)
FNDA:13,(anonymous_2)
DA:5,3
DA:6,3
DA:10,14
DA:11,14
DA:12,14
DA:13,14
DA:14,14
DA:16,14
DA:21,13
DA:22,13
DA:23,13
DA:24,13
DA:26,13
LF:13
LH:13
BRDA:13,0,0,1
BRDA:13,0,1,13
BRF:2
BRH:2
end_of_record
TN:
SF:/home/aviad/code/snyk-task/src/config/index.js
FN:14,(anonymous_0)
FNF:1
FNH:0
FNDA:0,(anonymous_0)
DA:6,3
DA:10,3
DA:11,3
DA:13,0
DA:14,0
DA:17,3
DA:19,3
LF:7
LH:5
BRDA:10,0,0,3
BRDA:10,0,1,0
BRF:2
BRH:1
end_of_record
TN:
SF:/home/aviad/code/snyk-task/src/controllers/package-fetcher.ctrl.js
FN:6,packageFetcher
FNF:1
FNH:1
FNDA:1,packageFetcher
DA:7,1
DA:8,1
DA:9,1
DA:10,1
DA:11,1
DA:13,1
DA:19,1
DA:20,1
DA:21,1
DA:23,0
DA:24,0
LF:11
LH:9
BRF:0
BRH:0
end_of_record
TN:
SF:/home/aviad/code/snyk-task/src/logic/deps-tree-fetcher/index.js
FN:7,(anonymous_0)
FN:26,(anonymous_1)
FNF:2
FNH:2
FNDA:13,(anonymous_0)
FNDA:12,(anonymous_1)
DA:7,2
DA:8,13
DA:9,13
DA:10,13
DA:11,13
DA:12,13
DA:13,0
DA:15,13
DA:16,13
DA:21,13
DA:23,11
DA:24,5
DA:26,12
DA:29,11
DA:31,11
DA:34,2
DA:35,0
DA:38,2
LF:18
LH:16
BRDA:7,0,0,0
BRDA:12,1,0,0
BRDA:12,1,1,13
BRDA:19,2,0,2
BRDA:23,3,0,5
BRDA:23,3,1,6
BRDA:34,4,0,0
BRDA:34,4,1,2
BRDA:34,5,0,2
BRDA:34,5,1,2
BRF:10
BRH:7
end_of_record
TN:
SF:/home/aviad/code/snyk-task/src/logic/semver/index.js
FN:3,(anonymous_0)
FN:13,(anonymous_1)
FNF:2
FNH:2
FNDA:26,(anonymous_0)
FNDA:13,(anonymous_1)
DA:3,3
DA:4,26
DA:5,26
DA:6,25
DA:8,1
DA:9,1
DA:13,3
DA:14,13
DA:15,13
LF:9
LH:9
BRDA:3,0,0,0
BRF:1
BRH:0
end_of_record
TN:
SF:/home/aviad/code/snyk-task/src/logic/tree-printer/index.js
FN:3,(anonymous_0)
FN:6,(anonymous_1)
FN:7,(anonymous_2)
FNF:3
FNH:3
FNDA:1,(anonymous_0)
FNDA:13,(anonymous_1)
FNDA:13,(anonymous_2)
DA:3,2
DA:4,1
DA:6,13
DA:7,13
LF:4
LH:4
BRF:0
BRH:0
end_of_record
TN:
SF:/home/aviad/code/snyk-task/src/router/index.js
FN:6,(anonymous_0)
FN:13,(anonymous_1)
FNF:2
FNH:2
FNDA:1,(anonymous_0)
FNDA:1,(anonymous_1)
DA:4,2
DA:6,2
DA:7,1
DA:10,2
DA:13,2
DA:14,1
DA:16,2
LF:7
LH:7
BRF:0
BRH:0
end_of_record
TN:
SF:/home/aviad/code/snyk-task/src/structs/Node.js
FN:4,(anonymous_0)
FN:5,(anonymous_1)
FN:6,(anonymous_2)
FN:7,(anonymous_3)
FN:8,(anonymous_4)
FN:10,(anonymous_5)
FN:13,(anonymous_6)
FN:16,(anonymous_7)
FN:23,(anonymous_8)
FN:24,(anonymous_9)
FN:27,(anonymous_10)
FN:38,(anonymous_11)
FNF:12
FNH:10
FNDA:0,(anonymous_0)
FNDA:0,(anonymous_1)
FNDA:1,(anonymous_2)
FNDA:104,(anonymous_3)
FNDA:26,(anonymous_4)
FNDA:65,(anonymous_5)
FNDA:131,(anonymous_6)
FNDA:13,(anonymous_7)
FNDA:56,(anonymous_8)
FNDA:42,(anonymous_9)
FNDA:14,(anonymous_10)
FNDA:1,(anonymous_11)
DA:3,2
DA:4,0
DA:5,0
DA:6,1
DA:7,104
DA:8,26
DA:10,65
DA:13,131
DA:17,13
DA:18,13
DA:19,13
DA:20,13
DA:24,56
DA:28,14
DA:29,14
DA:39,1
LF:16
LH:14
BRDA:8,0,0,0
BRDA:8,0,1,26
BRDA:16,1,0,13
BRDA:16,2,0,0
BRF:4
BRH:2
end_of_record
TN:
SF:/home/aviad/code/snyk-task/src/ui/generate-view.js
FN:7,generateView
FNF:1
FNH:1
FNDA:1,generateView
DA:8,1
DA:29,1
DA:30,1
DA:31,1
LF:4
LH:4
BRF:0
BRH:0
end_of_record
TN:
SF:/home/aviad/code/snyk-task/src/ui/components/App.jsx
FN:7,(anonymous_0)
FN:10,(anonymous_1)
FN:14,(anonymous_2)
FNF:3
FNH:2
FNDA:1,(anonymous_0)
FNDA:0,(anonymous_1)
FNDA:1,(anonymous_2)
DA:7,2
DA:8,1
DA:10,1
DA:11,0
DA:14,1
DA:15,1
DA:16,1
DA:20,0
DA:21,0
DA:43,1
LF:10
LH:7
BRDA:15,0,0,1
BRDA:15,0,1,0
BRDA:20,1,0,0
BRF:3
BRH:1
end_of_record
TN:
SF:/home/aviad/code/snyk-task/src/ui/components/Tree.jsx
FN:5,(anonymous_0)
FN:9,(anonymous_1)
FN:15,toggleNode
FN:19,getChildren
FN:23,generateTree
FN:30,(anonymous_5)
FNF:6
FNH:0
FNDA:0,(anonymous_0)
FNDA:0,(anonymous_1)
FNDA:0,toggleNode
FNDA:0,getChildren
FNDA:0,generateTree
FNDA:0,(anonymous_5)
DA:5,2
DA:6,0
DA:7,0
DA:9,0
DA:10,0
DA:11,0
DA:16,0
DA:20,0
DA:24,0
DA:26,0
DA:30,0
DA:41,0
DA:42,0
DA:43,0
DA:50,0
LF:15
LH:1
BRDA:10,0,0,0
BRDA:10,0,1,0
BRDA:20,1,0,0
BRDA:20,1,1,0
BRDA:42,2,0,0
BRDA:42,2,1,0
BRF:6
BRH:0
end_of_record
TN:
SF:/home/aviad/code/snyk-task/src/ui/components/styled-components/index.js
FN:33,(anonymous_0)
FNF:1
FNH:0
FNDA:0,(anonymous_0)
DA:3,2
DA:14,2
DA:26,2
DA:30,2
DA:33,0
DA:39,2
LF:6
LH:5
BRDA:33,0,0,0
BRDA:33,0,1,0
BRF:2
BRH:0
end_of_record
